<?xml version="1.0" encoding="UTF-8"?>
<!-- Generated by org.testng.reporters.JUnitXMLReporter -->
<testsuite ignored="0" hostname="LAPTOP-1HFOI5V8" failures="0" tests="2" name="Default test" time="0.063" errors="0" timestamp="2022-02-12T23:36:26 IST">
  <testcase classname="tests.TestNGTestClass" name="@BeforeTest launchTheBrowser" time="-1.64468918571E9">
    <failure type="org.testng.TestNGException" message="
Parameter &amp;apos;browser&amp;apos; is required by BeforeTest on method launchTheBrowser but has not been marked @Optional or defined
in C:\Users\ASUS\AppData\Local\Temp\testng-eclipse-1128750127\testng-customsuite.xml">
      <![CDATA[org.testng.TestNGException: 
Parameter 'browser' is required by BeforeTest on method launchTheBrowser but has not been marked @Optional or defined
in C:\Users\ASUS\AppData\Local\Temp\testng-eclipse-1128750127\testng-customsuite.xml
at org.testng.internal.Parameters.createParams(Parameters.java:270)
at org.testng.internal.Parameters.createParametersForMethod(Parameters.java:358)
at org.testng.internal.Parameters.createParameters(Parameters.java:700)
at org.testng.internal.Parameters.createConfigurationParameters(Parameters.java:168)
at org.testng.internal.ConfigInvoker.invokeConfigurations(ConfigInvoker.java:302)
at org.testng.TestRunner.invokeTestConfigurations(TestRunner.java:637)
at org.testng.TestRunner.beforeRun(TestRunner.java:627)
at org.testng.TestRunner.run(TestRunner.java:589)
at org.testng.SuiteRunner.runTest(SuiteRunner.java:377)
at org.testng.SuiteRunner.runSequentially(SuiteRunner.java:371)
at org.testng.SuiteRunner.privateRun(SuiteRunner.java:332)
at org.testng.SuiteRunner.run(SuiteRunner.java:276)
at org.testng.SuiteRunnerWorker.runSuite(SuiteRunnerWorker.java:53)
at org.testng.SuiteRunnerWorker.run(SuiteRunnerWorker.java:96)
at org.testng.TestNG.runSuitesSequentially(TestNG.java:1212)
at org.testng.TestNG.runSuitesLocally(TestNG.java:1134)
at org.testng.TestNG.runSuites(TestNG.java:1063)
at org.testng.TestNG.run(TestNG.java:1031)
at org.testng.remote.AbstractRemoteTestNG.run(AbstractRemoteTestNG.java:115)
at org.testng.remote.RemoteTestNG.initAndRun(RemoteTestNG.java:251)
at org.testng.remote.RemoteTestNG.main(RemoteTestNG.java:77)
]]>
    </failure>
  </testcase> <!-- @BeforeTest launchTheBrowser -->
  <testcase classname="tests.TestNGTestClass" name="@BeforeClass createPOMObjects" time="-1.644689185737E9">
    <skipped/>
  </testcase> <!-- @BeforeClass createPOMObjects -->
  <testcase classname="tests.TestNGTestClass" name="@BeforeMethod loginToApplication" time="-1.644689185753E9">
    <skipped/>
  </testcase> <!-- @BeforeMethod loginToApplication -->
  <testcase classname="tests.TestNGTestClass" name="@AfterMethod logoutFromTheApplication" time="-1.64468918576E9">
    <skipped/>
  </testcase> <!-- @AfterMethod logoutFromTheApplication -->
  <testcase classname="tests.TestNGTestClass" name="@BeforeMethod loginToApplication" time="-1.644689185761E9">
    <skipped/>
  </testcase> <!-- @BeforeMethod loginToApplication -->
  <testcase classname="tests.TestNGTestClass" name="@AfterMethod logoutFromTheApplication" time="-1.644689185764E9">
    <skipped/>
  </testcase> <!-- @AfterMethod logoutFromTheApplication -->
  <testcase classname="tests.TestNGTestClass" name="@AfterClass clearrPOMObjects" time="-1.644689185766E9">
    <skipped/>
  </testcase> <!-- @AfterClass clearrPOMObjects -->
  <testcase classname="tests.TestNGTestClass" name="@AfterTest closeTheBrowser" time="-1.644689185768E9">
    <skipped/>
  </testcase> <!-- @AfterTest closeTheBrowser -->
  <testcase classname="tests.TestNGTestClass" name="checkLogoOfHomePage" time="0.0">
    <skipped/>
  </testcase> <!-- checkLogoOfHomePage -->
  <testcase classname="tests.TestNGTestClass" name="checkURLOfSearchBox" time="0.0">
    <skipped/>
  </testcase> <!-- checkURLOfSearchBox -->
</testsuite> <!-- Default test -->
