<?xml version="1.0" encoding="UTF-8"?>
<!-- Generated by org.testng.reporters.JUnitXMLReporter -->
<testsuite ignored="0" hostname="LAPTOP-1HFOI5V8" failures="1" tests="2" name="chromeTest" time="153.278" errors="0" timestamp="2022-02-12T22:37:48 IST">
  <testcase classname="tests.TestNGTestClass" name="checkLogoOfHomePage" time="9.099"/>
  <testcase classname="tests.TestNGTestClass" name="checkURLOfSearchBox" time="17.179">
    <failure type="java.lang.AssertionError" message="expected [https://www.amazon.in/s?k=apple+mobail&amp;amp;ref=nb_sb_] but found [https://www.amazon.in/s?k=apple+mobail&amp;amp;ref=nb_sb_noss]">
      <![CDATA[java.lang.AssertionError: expected [https://www.amazon.in/s?k=apple+mobail&ref=nb_sb_] but found [https://www.amazon.in/s?k=apple+mobail&ref=nb_sb_noss]
at tests.TestNGTestClass.checkURLOfSearchBox(TestNGTestClass.java:73)
at java.base/java.util.ArrayList.forEach(ArrayList.java:1511)
... Removed 33 stack frames]]>
    </failure>
  </testcase> <!-- checkURLOfSearchBox -->
</testsuite> <!-- chromeTest -->
